0 info it worked if it ends with ok
1 verbose cli [ 'C:\\Program Files\\nodejs\\node.exe',
1 verbose cli   'C:\\Program Files\\nodejs\\node_modules\\npm\\bin\\npm-cli.js',
1 verbose cli   'info' ]
2 info using npm@2.15.5
3 info using node@v4.4.5
4 silly mapToRegistry name apitesting
5 silly mapToRegistry using default registry
6 silly mapToRegistry registry https://registry.npmjs.org/
7 silly mapToRegistry data Result {
7 silly mapToRegistry   raw: 'apitesting',
7 silly mapToRegistry   scope: null,
7 silly mapToRegistry   name: 'apitesting',
7 silly mapToRegistry   rawSpec: '',
7 silly mapToRegistry   spec: 'latest',
7 silly mapToRegistry   type: 'tag' }
8 silly mapToRegistry uri https://registry.npmjs.org/apitesting
9 verbose request uri https://registry.npmjs.org/apitesting
10 verbose request no auth needed
11 info attempt registry request try #1 at 16:13:57
12 verbose request id 7894b61f410aa822
13 http request GET https://registry.npmjs.org/apitesting
14 info retry will retry, error on last attempt: Error: getaddrinfo EAI_AGAIN registry.npmjs.org:443
15 info attempt registry request try #2 at 16:14:13
16 http request GET https://registry.npmjs.org/apitesting
17 http 404 https://registry.npmjs.org/apitesting
18 verbose headers { 'content-type': 'application/json',
18 verbose headers   'cache-control': 'max-age=0',
18 verbose headers   'content-length': '2',
18 verbose headers   'accept-ranges': 'bytes',
18 verbose headers   date: 'Tue, 19 Jul 2016 08:14:15 GMT',
18 verbose headers   via: '1.1 varnish',
18 verbose headers   age: '0',
18 verbose headers   connection: 'keep-alive',
18 verbose headers   'x-served-by': 'cache-lcy1132-LCY',
18 verbose headers   'x-cache': 'MISS',
18 verbose headers   'x-cache-hits': '0',
18 verbose headers   'x-timer': 'S1468916055.513677,VS0,VE100',
18 verbose headers   vary: 'Accept-Encoding' }
19 silly get cb [ 404,
19 silly get   { 'content-type': 'application/json',
19 silly get     'cache-control': 'max-age=0',
19 silly get     'content-length': '2',
19 silly get     'accept-ranges': 'bytes',
19 silly get     date: 'Tue, 19 Jul 2016 08:14:15 GMT',
19 silly get     via: '1.1 varnish',
19 silly get     age: '0',
19 silly get     connection: 'keep-alive',
19 silly get     'x-served-by': 'cache-lcy1132-LCY',
19 silly get     'x-cache': 'MISS',
19 silly get     'x-cache-hits': '0',
19 silly get     'x-timer': 'S1468916055.513677,VS0,VE100',
19 silly get     vary: 'Accept-Encoding' } ]
20 verbose stack Error: Registry returned 404 for GET on https://registry.npmjs.org/apitesting
20 verbose stack     at makeError (C:\Program Files\nodejs\node_modules\npm\node_modules\npm-registry-client\lib\request.js:264:12)
20 verbose stack     at CachingRegistryClient.<anonymous> (C:\Program Files\nodejs\node_modules\npm\node_modules\npm-registry-client\lib\request.js:242:14)
20 verbose stack     at Request._callback (C:\Program Files\nodejs\node_modules\npm\node_modules\npm-registry-client\lib\request.js:172:14)
20 verbose stack     at Request.self.callback (C:\Program Files\nodejs\node_modules\npm\node_modules\request\request.js:200:22)
20 verbose stack     at emitTwo (events.js:87:13)
20 verbose stack     at Request.emit (events.js:172:7)
20 verbose stack     at Request.<anonymous> (C:\Program Files\nodejs\node_modules\npm\node_modules\request\request.js:1067:10)
20 verbose stack     at emitOne (events.js:82:20)
20 verbose stack     at Request.emit (events.js:169:7)
20 verbose stack     at IncomingMessage.<anonymous> (C:\Program Files\nodejs\node_modules\npm\node_modules\request\request.js:988:12)
21 verbose statusCode 404
22 verbose pkgid apitesting
23 verbose cwd E:\apitesting
24 error Windows_NT 6.1.7601
25 error argv "C:\\Program Files\\nodejs\\node.exe" "C:\\Program Files\\nodejs\\node_modules\\npm\\bin\\npm-cli.js" "info"
26 error node v4.4.5
27 error npm  v2.15.5
28 error code E404
29 error 404 Registry returned 404 for GET on https://registry.npmjs.org/apitesting
29 error 404
29 error 404 'apitesting' is not in the npm registry.
29 error 404 You should bug the author to publish it (or use the name yourself!)
29 error 404
29 error 404 Note that you can also install from a
29 error 404 tarball, folder, http url, or git url.
30 verbose exit [ 1, true ]
